/bin/sh: 1: /home/i0179/Realitylab-site/ai_server/restart_tunnel.sh: not found
/bin/sh: 1: /home/i0179/Realitylab-site/ai_server/restart_tunnel.sh: not found
/bin/sh: 1: /home/i0179/Realitylab-site/ai_server/restart_tunnel.sh: not found
/bin/sh: 1: /home/i0179/Realitylab-site/ai_server/restart_tunnel.sh: not found
/bin/sh: 1: /home/i0179/Realitylab-site/ai_server/restart_tunnel.sh: not found
/bin/sh: 1: /home/i0179/Realitylab-site/ai_server/restart_tunnel.sh: not found
/bin/sh: 1: /home/i0179/Realitylab-site/ai_server/restart_tunnel.sh: not found
/bin/sh: 1: /home/i0179/Realitylab-site/ai_server/restart_tunnel.sh: not found
/bin/sh: 1: /home/i0179/Realitylab-site/ai_server/restart_tunnel.sh: not found
/bin/sh: 1: /home/i0179/Realitylab-site/ai_server/restart_tunnel.sh: not found
/bin/sh: 1: /home/i0179/Realitylab-site/ai_server/restart_tunnel.sh: not found
/bin/sh: 1: /home/i0179/Realitylab-site/ai_server/restart_tunnel.sh: not found
/bin/sh: 1: /home/i0179/Realitylab-site/ai_server/restart_tunnel.sh: not found
/bin/sh: 1: /home/i0179/Realitylab-site/ai_server/restart_tunnel.sh: not found
/bin/sh: 1: /home/i0179/Realitylab-site/ai_server/restart_tunnel.sh: not found
/bin/sh: 1: /home/i0179/Realitylab-site/ai_server/restart_tunnel.sh: not found
/bin/sh: 1: /home/i0179/Realitylab-site/ai_server/restart_tunnel.sh: not found
/bin/sh: 1: /home/i0179/Realitylab-site/ai_server/restart_tunnel.sh: not found
/bin/sh: 1: /home/i0179/Realitylab-site/ai_server/restart_tunnel.sh: not found
/bin/sh: 1: /home/i0179/Realitylab-site/ai_server/restart_tunnel.sh: not found
/bin/sh: 1: /home/i0179/Realitylab-site/ai_server/restart_tunnel.sh: not found
/bin/sh: 1: /home/i0179/Realitylab-site/ai_server/restart_tunnel.sh: not found
/bin/sh: 1: /home/i0179/Realitylab-site/ai_server/restart_tunnel.sh: not found
/bin/sh: 1: /home/i0179/Realitylab-site/ai_server/restart_tunnel.sh: not found
/bin/sh: 1: /home/i0179/Realitylab-site/ai_server/restart_tunnel.sh: not found
/bin/sh: 1: /home/i0179/Realitylab-site/ai_server/restart_tunnel.sh: not found
/bin/sh: 1: /home/i0179/Realitylab-site/ai_server/restart_tunnel.sh: not found
/bin/sh: 1: /home/i0179/Realitylab-site/ai_server/restart_tunnel.sh: not found
/bin/sh: 1: /home/i0179/Realitylab-site/ai_server/restart_tunnel.sh: not found
/bin/sh: 1: /home/i0179/Realitylab-site/ai_server/restart_tunnel.sh: not found
/bin/sh: 1: /home/i0179/Realitylab-site/ai_server/restart_tunnel.sh: not found
/bin/sh: 1: /home/i0179/Realitylab-site/ai_server/restart_tunnel.sh: not found
/bin/sh: 1: /home/i0179/Realitylab-site/ai_server/restart_tunnel.sh: not found
/bin/sh: 1: /home/i0179/Realitylab-site/ai_server/restart_tunnel.sh: not found
/bin/sh: 1: /home/i0179/Realitylab-site/ai_server/restart_tunnel.sh: not found
/bin/sh: 1: /home/i0179/Realitylab-site/ai_server/restart_tunnel.sh: not found
/bin/sh: 1: /home/i0179/Realitylab-site/ai_server/restart_tunnel.sh: not found
/bin/sh: 1: /home/i0179/Realitylab-site/ai_server/restart_tunnel.sh: not found
/bin/sh: 1: /home/i0179/Realitylab-site/ai_server/restart_tunnel.sh: not found
/bin/sh: 1: /home/i0179/Realitylab-site/ai_server/restart_tunnel.sh: not found
/bin/sh: 1: /home/i0179/Realitylab-site/ai_server/restart_tunnel.sh: not found
/bin/sh: 1: /home/i0179/Realitylab-site/ai_server/restart_tunnel.sh: not found
[2026-02-02 23:34:09] ========================================
[2026-02-02 23:34:09] Starting Cloudflare Tunnel restart with retry logic...
[2026-02-02 23:34:11] Attempt 1/60 - Creating tunnel...
[2026-02-02 23:34:14] Tunnel URL obtained: https://weekends-brochure-sailing-medical.trycloudflare.com
[2026-02-02 23:34:20] Tunnel health check PASSED!
[2026-02-02 23:34:20] Updating URLs: https://meyer-got-wide-fabrics.trycloudflare.com -> https://weekends-brochure-sailing-medical.trycloudflare.com
